* using log directory 'C:/STAT545A/STAT_545A_files/STAT545_participation/cm106/powers.Rcheck'
* using R version 3.5.1 (2018-07-02)
* using platform: x86_64-w64-mingw32 (64-bit)
* using session charset: ISO8859-1
* using options '--no-manual --as-cran'
* checking for file 'powers/DESCRIPTION' ... OK
* checking extension type ... Package
* this is package 'powers' version '0.1.0'
* package encoding: UTF-8
* checking package namespace information ... OK
* checking package dependencies ... OK
* checking if this is a source package ... OK
* checking if there is a namespace ... OK
* checking for executable files ... OK
* checking for hidden files and directories ... OK
* checking for portable file names ... OK
* checking serialization versions ... OK
* checking whether package 'powers' can be installed ... ERROR
Installation failed.
See 'C:/STAT545A/STAT_545A_files/STAT545_participation/cm106/powers.Rcheck/00install.out' for details.
* DONE
Status: 1 ERROR
