* installing *source* package 'powers' ...
** R
** byte-compile and prepare package for lazy loading
** help
*** installing help indices
** building package indices
** testing if installed package can be loaded
*** arch - i386
Error: package or namespace load failed for 'powers' in namespaceExport(ns, exports):
 undefined exports: namespace
Error: loading failed
Execution halted
*** arch - x64
Error: package or namespace load failed for 'powers' in namespaceExport(ns, exports):
 undefined exports: namespace
Error: loading failed
Execution halted
ERROR: loading failed for 'i386', 'x64'
* removing 'C:/STAT545A/STAT_545A_files/STAT545_participation/cm106/powers.Rcheck/powers'
In R CMD INSTALL
